# JRE version: OpenJDK Runtime Environment (17.0.7) (build 17.0.7+0-b2043.56-10550314)
# Java VM: OpenJDK 64-Bit Server VM (17.0.7+0-b2043.56-10550314, mixed mode, tiered, compressed oops, compressed class ptrs, g1 gc, windows-amd64)
GC Precious Log:
 CPUs: 8 total, 8 available
 Memory: 16304M
 Large Page Support: Disabled
 NUMA Support: Disabled
 Compressed Oops: Enabled (32-bit)
 Heap Region Size: 1M
 Heap Min Capacity: 8M
 Heap Initial Capacity: 256M
 Heap Max Capacity: 2G
 Pre-touch: Disabled
 Parallel Workers: 8
 Concurrent Workers: 2
 Concurrent Refinement Workers: 8
 Periodic GC: Disabled
Heap:
 garbage-first heap   total 314368K, used 161036K [0x0000000080000000, 0x0000000100000000)
  region size 1024K, 4 young (4096K), 4 survivors (4096K)
 Metaspace       used 167848K, committed 169472K, reserved 1245184K
  class space    used 23595K, committed 24384K, reserved 1048576K
GC Heap History (20 events):
Event: 2635.486 GC heap after
{Heap after GC invocations=91 (full 0):
 garbage-first heap   total 314368K, used 122837K [0x0000000080000000, 0x0000000100000000)
  region size 1024K, 2 young (2048K), 2 survivors (2048K)
 Metaspace       used 140825K, committed 142592K, reserved 1179648K
  class space    used 19551K, committed 20352K, reserved 1048576K
}
Event: 2635.678 GC heap before
{Heap before GC invocations=91 (full 0):
 garbage-first heap   total 314368K, used 164821K [0x0000000080000000, 0x0000000100000000)
  region size 1024K, 44 young (45056K), 2 survivors (2048K)
 Metaspace       used 140915K, committed 142592K, reserved 1179648K
  class space    used 19551K, committed 20352K, reserved 1048576K
}
Event: 2635.682 GC heap after
{Heap after GC invocations=92 (full 0):
 garbage-first heap   total 314368K, used 128212K [0x0000000080000000, 0x0000000100000000)
  region size 1024K, 8 young (8192K), 8 survivors (8192K)
 Metaspace       used 140915K, committed 142592K, reserved 1179648K
  class space    used 19551K, committed 20352K, reserved 1048576K
}
Event: 2713.683 GC heap before
{Heap before GC invocations=93 (full 0):
 garbage-first heap   total 314368K, used 270548K [0x0000000080000000, 0x0000000100000000)
  region size 1024K, 115 young (117760K), 8 survivors (8192K)
 Metaspace       used 141011K, committed 142592K, reserved 1179648K
  class space    used 19551K, committed 20352K, reserved 1048576K
}
Event: 2713.687 GC heap after
{Heap after GC invocations=94 (full 0):
 garbage-first heap   total 314368K, used 129276K [0x0000000080000000, 0x0000000100000000)
  region size 1024K, 9 young (9216K), 9 survivors (9216K)
 Metaspace       used 141011K, committed 142592K, reserved 1179648K
  class space    used 19551K, committed 20352K, reserved 1048576K
}
Event: 2713.730 GC heap before
{Heap before GC invocations=94 (full 0):
 garbage-first heap   total 314368K, used 135420K [0x0000000080000000, 0x0000000100000000)
  region size 1024K, 15 young (15360K), 9 survivors (9216K)
 Metaspace       used 141019K, committed 142592K, reserved 1179648K
  class space    used 19551K, committed 20352K, reserved 1048576K
}
Event: 2713.735 GC heap after
{Heap after GC invocations=95 (full 0):
 garbage-first heap   total 314368K, used 128199K [0x0000000080000000, 0x0000000100000000)
  region size 1024K, 2 young (2048K), 2 survivors (2048K)
 Metaspace       used 141019K, committed 142592K, reserved 1179648K
  class space    used 19551K, committed 20352K, reserved 1048576K
}
Event: 2878.810 GC heap before
{Heap before GC invocations=95 (full 0):
 garbage-first heap   total 314368K, used 207047K [0x0000000080000000, 0x0000000100000000)
  region size 1024K, 81 young (82944K), 2 survivors (2048K)
 Metaspace       used 141236K, committed 142720K, reserved 1179648K
  class space    used 19571K, committed 20352K, reserved 1048576K
}
Event: 2878.812 GC heap after
{Heap after GC invocations=96 (full 0):
 garbage-first heap   total 314368K, used 127632K [0x0000000080000000, 0x0000000100000000)
  region size 1024K, 1 young (1024K), 1 survivors (1024K)
 Metaspace       used 141236K, committed 142720K, reserved 1179648K
  class space    used 19571K, committed 20352K, reserved 1048576K
}
Event: 2888.611 GC heap before
{Heap before GC invocations=97 (full 0):
 garbage-first heap   total 314368K, used 268944K [0x0000000080000000, 0x0000000100000000)
  region size 1024K, 121 young (123904K), 1 survivors (1024K)
 Metaspace       used 152743K, committed 154240K, reserved 1245184K
  class space    used 21609K, committed 22336K, reserved 1048576K
}
Event: 2888.616 GC heap after
{Heap after GC invocations=98 (full 0):
 garbage-first heap   total 314368K, used 159053K [0x0000000080000000, 0x0000000100000000)
  region size 1024K, 13 young (13312K), 13 survivors (13312K)
 Metaspace       used 152743K, committed 154240K, reserved 1245184K
  class space    used 21609K, committed 22336K, reserved 1048576K
}
Event: 2888.754 GC heap before
{Heap before GC invocations=98 (full 0):
 garbage-first heap   total 314368K, used 161101K [0x0000000080000000, 0x0000000100000000)
  region size 1024K, 15 young (15360K), 13 survivors (13312K)
 Metaspace       used 153013K, committed 154496K, reserved 1245184K
  class space    used 21636K, committed 22336K, reserved 1048576K
}
Event: 2888.757 GC heap after
{Heap after GC invocations=99 (full 0):
 garbage-first heap   total 314368K, used 154669K [0x0000000080000000, 0x0000000100000000)
  region size 1024K, 2 young (2048K), 2 survivors (2048K)
 Metaspace       used 153013K, committed 154496K, reserved 1245184K
  class space    used 21636K, committed 22336K, reserved 1048576K
}
Event: 2891.177 GC heap before
{Heap before GC invocations=99 (full 0):
 garbage-first heap   total 314368K, used 195629K [0x0000000080000000, 0x0000000100000000)
  region size 1024K, 44 young (45056K), 2 survivors (2048K)
 Metaspace       used 155864K, committed 157440K, reserved 1245184K
  class space    used 21983K, committed 22720K, reserved 1048576K
}
Event: 2891.179 GC heap after
{Heap after GC invocations=100 (full 0):
 garbage-first heap   total 314368K, used 157337K [0x0000000080000000, 0x0000000100000000)
  region size 1024K, 4 young (4096K), 4 survivors (4096K)
 Metaspace       used 155864K, committed 157440K, reserved 1245184K
  class space    used 21983K, committed 22720K, reserved 1048576K
}
Event: 2891.787 GC heap before
{Heap before GC invocations=101 (full 0):
 garbage-first heap   total 314368K, used 263833K [0x0000000080000000, 0x0000000100000000)
  region size 1024K, 102 young (104448K), 4 survivors (4096K)
 Metaspace       used 164049K, committed 165632K, reserved 1245184K
  class space    used 23029K, committed 23808K, reserved 1048576K
}
Event: 2891.790 GC heap after
{Heap after GC invocations=102 (full 0):
 garbage-first heap   total 314368K, used 162160K [0x0000000080000000, 0x0000000100000000)
  region size 1024K, 9 young (9216K), 9 survivors (9216K)
 Metaspace       used 164049K, committed 165632K, reserved 1245184K
  class space    used 23029K, committed 23808K, reserved 1048576K
}
Event: 2891.839 GC heap before
{Heap before GC invocations=102 (full 0):
 garbage-first heap   total 314368K, used 167280K [0x0000000080000000, 0x0000000100000000)
  region size 1024K, 15 young (15360K), 9 survivors (9216K)
 Metaspace       used 164577K, committed 166144K, reserved 1245184K
  class space    used 23109K, committed 23872K, reserved 1048576K
}
Event: 2891.843 GC heap after
{Heap after GC invocations=103 (full 0):
 garbage-first heap   total 314368K, used 158810K [0x0000000080000000, 0x0000000100000000)
  region size 1024K, 2 young (2048K), 2 survivors (2048K)
 Metaspace       used 164577K, committed 166144K, reserved 1245184K
  class space    used 23109K, committed 23872K, reserved 1048576K
}
Event: 2892.121 GC heap before
{Heap before GC invocations=103 (full 0):
 garbage-first heap   total 314368K, used 202842K [0x0000000080000000, 0x0000000100000000)
  region size 1024K, 46 young (47104K), 2 survivors (2048K)
 Metaspace       used 167848K, committed 169472K, reserved 1245184K
  class space    used 23595K, committed 24384K, reserved 1048576K
}

