# JRE version: OpenJDK Runtime Environment (17.0.7) (build 17.0.7+0-b2043.56-10550314)
# Java VM: OpenJDK 64-Bit Server VM (17.0.7+0-b2043.56-10550314, mixed mode, tiered, compressed oops, compressed class ptrs, g1 gc, windows-amd64)
GC Precious Log:
 CPUs: 8 total, 8 available
 Memory: 16304M
 Large Page Support: Disabled
 NUMA Support: Disabled
 Compressed Oops: Enabled (32-bit)
 Heap Region Size: 1M
 Heap Min Capacity: 8M
 Heap Initial Capacity: 256M
 Heap Max Capacity: 2G
 Pre-touch: Disabled
 Parallel Workers: 8
 Concurrent Workers: 2
 Concurrent Refinement Workers: 8
 Periodic GC: Disabled
Heap:
 garbage-first heap   total 356352K, used 194046K [0x0000000080000000, 0x0000000100000000)
  region size 1024K, 37 young (37888K), 18 survivors (18432K)
 Metaspace       used 133111K, committed 134208K, reserved 1179648K
  class space    used 18146K, committed 18688K, reserved 1048576K
GC Heap History (20 events):
Event: 7.649 GC heap before
{Heap before GC invocations=37 (full 0):
 garbage-first heap   total 174080K, used 130572K [0x0000000080000000, 0x0000000100000000)
  region size 1024K, 37 young (37888K), 6 survivors (6144K)
 Metaspace       used 98092K, committed 98816K, reserved 1179648K
  class space    used 13674K, committed 14016K, reserved 1048576K
}
Event: 7.653 GC heap after
{Heap after GC invocations=38 (full 0):
 garbage-first heap   total 174080K, used 102487K [0x0000000080000000, 0x0000000100000000)
  region size 1024K, 4 young (4096K), 4 survivors (4096K)
 Metaspace       used 98092K, committed 98816K, reserved 1179648K
  class space    used 13674K, committed 14016K, reserved 1048576K
}
Event: 7.792 GC heap before
{Heap before GC invocations=38 (full 0):
 garbage-first heap   total 174080K, used 129111K [0x0000000080000000, 0x0000000100000000)
  region size 1024K, 32 young (32768K), 4 survivors (4096K)
 Metaspace       used 98418K, committed 99136K, reserved 1179648K
  class space    used 13709K, committed 14016K, reserved 1048576K
}
Event: 7.795 GC heap after
{Heap after GC invocations=39 (full 0):
 garbage-first heap   total 356352K, used 104894K [0x0000000080000000, 0x0000000100000000)
  region size 1024K, 6 young (6144K), 6 survivors (6144K)
 Metaspace       used 98418K, committed 99136K, reserved 1179648K
  class space    used 13709K, committed 14016K, reserved 1048576K
}
Event: 8.897 GC heap before
{Heap before GC invocations=39 (full 0):
 garbage-first heap   total 356352K, used 302526K [0x0000000080000000, 0x0000000100000000)
  region size 1024K, 176 young (180224K), 6 survivors (6144K)
 Metaspace       used 106021K, committed 106752K, reserved 1179648K
  class space    used 14501K, committed 14848K, reserved 1048576K
}
Event: 8.903 GC heap after
{Heap after GC invocations=40 (full 0):
 garbage-first heap   total 356352K, used 111372K [0x0000000080000000, 0x0000000100000000)
  region size 1024K, 13 young (13312K), 13 survivors (13312K)
 Metaspace       used 106021K, committed 106752K, reserved 1179648K
  class space    used 14501K, committed 14848K, reserved 1048576K
}
Event: 15.161 GC heap before
{Heap before GC invocations=40 (full 0):
 garbage-first heap   total 356352K, used 289548K [0x0000000080000000, 0x0000000100000000)
  region size 1024K, 188 young (192512K), 13 survivors (13312K)
 Metaspace       used 116883K, committed 117760K, reserved 1179648K
  class space    used 15980K, committed 16448K, reserved 1048576K
}
Event: 15.170 GC heap after
{Heap after GC invocations=41 (full 0):
 garbage-first heap   total 356352K, used 121512K [0x0000000080000000, 0x0000000100000000)
  region size 1024K, 22 young (22528K), 22 survivors (22528K)
 Metaspace       used 116883K, committed 117760K, reserved 1179648K
  class space    used 15980K, committed 16448K, reserved 1048576K
}
Event: 138.465 GC heap before
{Heap before GC invocations=41 (full 0):
 garbage-first heap   total 356352K, used 303784K [0x0000000080000000, 0x0000000100000000)
  region size 1024K, 188 young (192512K), 22 survivors (22528K)
 Metaspace       used 129880K, committed 130752K, reserved 1179648K
  class space    used 18015K, committed 18432K, reserved 1048576K
}
Event: 138.480 GC heap after
{Heap after GC invocations=42 (full 0):
 garbage-first heap   total 356352K, used 128850K [0x0000000080000000, 0x0000000100000000)
  region size 1024K, 18 young (18432K), 18 survivors (18432K)
 Metaspace       used 129880K, committed 130752K, reserved 1179648K
  class space    used 18015K, committed 18432K, reserved 1048576K
}
Event: 1350.102 GC heap before
{Heap before GC invocations=42 (full 0):
 garbage-first heap   total 356352K, used 306002K [0x0000000080000000, 0x0000000100000000)
  region size 1024K, 179 young (183296K), 18 survivors (18432K)
 Metaspace       used 131284K, committed 132288K, reserved 1179648K
  class space    used 18081K, committed 18560K, reserved 1048576K
}
Event: 1350.107 GC heap after
{Heap after GC invocations=43 (full 0):
 garbage-first heap   total 356352K, used 123069K [0x0000000080000000, 0x0000000100000000)
  region size 1024K, 5 young (5120K), 5 survivors (5120K)
 Metaspace       used 131284K, committed 132288K, reserved 1179648K
  class space    used 18081K, committed 18560K, reserved 1048576K
}
Event: 1379.961 GC heap before
{Heap before GC invocations=43 (full 0):
 garbage-first heap   total 356352K, used 311485K [0x0000000080000000, 0x0000000100000000)
  region size 1024K, 175 young (179200K), 5 survivors (5120K)
 Metaspace       used 132073K, committed 133120K, reserved 1179648K
  class space    used 18124K, committed 18624K, reserved 1048576K
}
Event: 1379.973 GC heap after
{Heap after GC invocations=44 (full 0):
 garbage-first heap   total 356352K, used 143907K [0x0000000080000000, 0x0000000100000000)
  region size 1024K, 22 young (22528K), 22 survivors (22528K)
 Metaspace       used 132073K, committed 133120K, reserved 1179648K
  class space    used 18124K, committed 18624K, reserved 1048576K
}
Event: 1473.242 GC heap before
{Heap before GC invocations=44 (full 0):
 garbage-first heap   total 356352K, used 312867K [0x0000000080000000, 0x0000000100000000)
  region size 1024K, 158 young (161792K), 22 survivors (22528K)
 Metaspace       used 132420K, committed 133504K, reserved 1179648K
  class space    used 18139K, committed 18624K, reserved 1048576K
}
Event: 1473.249 GC heap after
{Heap after GC invocations=45 (full 0):
 garbage-first heap   total 356352K, used 139699K [0x0000000080000000, 0x0000000100000000)
  region size 1024K, 9 young (9216K), 9 survivors (9216K)
 Metaspace       used 132420K, committed 133504K, reserved 1179648K
  class space    used 18139K, committed 18624K, reserved 1048576K
}
Event: 1475.113 GC heap before
{Heap before GC invocations=45 (full 0):
 garbage-first heap   total 356352K, used 298419K [0x0000000080000000, 0x0000000100000000)
  region size 1024K, 137 young (140288K), 9 survivors (9216K)
 Metaspace       used 132819K, committed 133952K, reserved 1179648K
  class space    used 18143K, committed 18688K, reserved 1048576K
}
Event: 1475.119 GC heap after
{Heap after GC invocations=46 (full 0):
 garbage-first heap   total 356352K, used 155032K [0x0000000080000000, 0x0000000100000000)
  region size 1024K, 14 young (14336K), 14 survivors (14336K)
 Metaspace       used 132819K, committed 133952K, reserved 1179648K
  class space    used 18143K, committed 18688K, reserved 1048576K
}
Event: 2552.864 GC heap before
{Heap before GC invocations=46 (full 0):
 garbage-first heap   total 356352K, used 300440K [0x0000000080000000, 0x0000000100000000)
  region size 1024K, 140 young (143360K), 14 survivors (14336K)
 Metaspace       used 133041K, committed 134208K, reserved 1179648K
  class space    used 18146K, committed 18688K, reserved 1048576K
}
Event: 2552.880 GC heap after
{Heap after GC invocations=47 (full 0):
 garbage-first heap   total 356352K, used 172542K [0x0000000080000000, 0x0000000100000000)
  region size 1024K, 18 young (18432K), 18 survivors (18432K)
 Metaspace       used 133041K, committed 134208K, reserved 1179648K
  class space    used 18146K, committed 18688K, reserved 1048576K
}

