# JRE version: OpenJDK Runtime Environment (17.0.7) (build 17.0.7+0-b2043.56-10550314)
# Java VM: OpenJDK 64-Bit Server VM (17.0.7+0-b2043.56-10550314, mixed mode, tiered, compressed oops, compressed class ptrs, g1 gc, windows-amd64)
GC Precious Log:
 CPUs: 8 total, 8 available
 Memory: 16304M
 Large Page Support: Disabled
 NUMA Support: Disabled
 Compressed Oops: Enabled (32-bit)
 Heap Region Size: 1M
 Heap Min Capacity: 8M
 Heap Initial Capacity: 256M
 Heap Max Capacity: 2G
 Pre-touch: Disabled
 Parallel Workers: 8
 Concurrent Workers: 2
 Concurrent Refinement Workers: 8
 Periodic GC: Disabled
Heap:
 garbage-first heap   total 326656K, used 226592K [0x0000000080000000, 0x0000000100000000)
  region size 1024K, 107 young (109568K), 10 survivors (10240K)
 Metaspace       used 114993K, committed 115712K, reserved 1179648K
  class space    used 15983K, committed 16320K, reserved 1048576K
GC Heap History (20 events):
Event: 5.157 GC heap before
{Heap before GC invocations=26 (full 0):
 garbage-first heap   total 156672K, used 122181K [0x0000000080000000, 0x0000000100000000)
  region size 1024K, 47 young (48128K), 1 survivors (1024K)
 Metaspace       used 77885K, committed 78528K, reserved 1179648K
  class space    used 10499K, committed 10816K, reserved 1048576K
}
Event: 5.159 GC heap after
{Heap after GC invocations=27 (full 0):
 garbage-first heap   total 156672K, used 77703K [0x0000000080000000, 0x0000000100000000)
  region size 1024K, 4 young (4096K), 4 survivors (4096K)
 Metaspace       used 77885K, committed 78528K, reserved 1179648K
  class space    used 10499K, committed 10816K, reserved 1048576K
}
Event: 5.409 GC heap before
{Heap before GC invocations=28 (full 0):
 garbage-first heap   total 156672K, used 123783K [0x0000000080000000, 0x0000000100000000)
  region size 1024K, 49 young (50176K), 4 survivors (4096K)
 Metaspace       used 80228K, committed 80896K, reserved 1179648K
  class space    used 10815K, committed 11136K, reserved 1048576K
}
Event: 5.413 GC heap after
{Heap after GC invocations=29 (full 0):
 garbage-first heap   total 156672K, used 81566K [0x0000000080000000, 0x0000000100000000)
  region size 1024K, 7 young (7168K), 7 survivors (7168K)
 Metaspace       used 80228K, committed 80896K, reserved 1179648K
  class space    used 10815K, committed 11136K, reserved 1048576K
}
Event: 5.421 GC heap before
{Heap before GC invocations=29 (full 0):
 garbage-first heap   total 156672K, used 81566K [0x0000000080000000, 0x0000000100000000)
  region size 1024K, 8 young (8192K), 7 survivors (7168K)
 Metaspace       used 80306K, committed 80960K, reserved 1179648K
  class space    used 10824K, committed 11136K, reserved 1048576K
}
Event: 5.424 GC heap after
{Heap after GC invocations=30 (full 0):
 garbage-first heap   total 156672K, used 81925K [0x0000000080000000, 0x0000000100000000)
  region size 1024K, 1 young (1024K), 1 survivors (1024K)
 Metaspace       used 80306K, committed 80960K, reserved 1179648K
  class space    used 10824K, committed 11136K, reserved 1048576K
}
Event: 5.695 GC heap before
{Heap before GC invocations=30 (full 0):
 garbage-first heap   total 156672K, used 124933K [0x0000000080000000, 0x0000000100000000)
  region size 1024K, 43 young (44032K), 1 survivors (1024K)
 Metaspace       used 83690K, committed 84288K, reserved 1179648K
  class space    used 11505K, committed 11776K, reserved 1048576K
}
Event: 5.697 GC heap after
{Heap after GC invocations=31 (full 0):
 garbage-first heap   total 156672K, used 82482K [0x0000000080000000, 0x0000000100000000)
  region size 1024K, 2 young (2048K), 2 survivors (2048K)
 Metaspace       used 83690K, committed 84288K, reserved 1179648K
  class space    used 11505K, committed 11776K, reserved 1048576K
}
Event: 6.066 GC heap before
{Heap before GC invocations=32 (full 0):
 garbage-first heap   total 156672K, used 126514K [0x0000000080000000, 0x0000000100000000)
  region size 1024K, 45 young (46080K), 2 survivors (2048K)
 Metaspace       used 86683K, committed 87296K, reserved 1179648K
  class space    used 11942K, committed 12224K, reserved 1048576K
}
Event: 6.069 GC heap after
{Heap after GC invocations=33 (full 0):
 garbage-first heap   total 156672K, used 85217K [0x0000000080000000, 0x0000000100000000)
  region size 1024K, 5 young (5120K), 5 survivors (5120K)
 Metaspace       used 86683K, committed 87296K, reserved 1179648K
  class space    used 11942K, committed 12224K, reserved 1048576K
}
Event: 6.088 GC heap before
{Heap before GC invocations=33 (full 0):
 garbage-first heap   total 156672K, used 87265K [0x0000000080000000, 0x0000000100000000)
  region size 1024K, 7 young (7168K), 5 survivors (5120K)
 Metaspace       used 86965K, committed 87616K, reserved 1179648K
  class space    used 11995K, committed 12288K, reserved 1048576K
}
Event: 6.089 GC heap after
{Heap after GC invocations=34 (full 0):
 garbage-first heap   total 156672K, used 85162K [0x0000000080000000, 0x0000000100000000)
  region size 1024K, 1 young (1024K), 1 survivors (1024K)
 Metaspace       used 86965K, committed 87616K, reserved 1179648K
  class space    used 11995K, committed 12288K, reserved 1048576K
}
Event: 6.508 GC heap before
{Heap before GC invocations=34 (full 0):
 garbage-first heap   total 156672K, used 128170K [0x0000000080000000, 0x0000000100000000)
  region size 1024K, 43 young (44032K), 1 survivors (1024K)
 Metaspace       used 90485K, committed 91072K, reserved 1179648K
  class space    used 12502K, committed 12800K, reserved 1048576K
}
Event: 6.511 GC heap after
{Heap after GC invocations=35 (full 0):
 garbage-first heap   total 326656K, used 87166K [0x0000000080000000, 0x0000000100000000)
  region size 1024K, 3 young (3072K), 3 survivors (3072K)
 Metaspace       used 90485K, committed 91072K, reserved 1179648K
  class space    used 12502K, committed 12800K, reserved 1048576K
}
Event: 8.077 GC heap before
{Heap before GC invocations=35 (full 0):
 garbage-first heap   total 326656K, used 245886K [0x0000000080000000, 0x0000000100000000)
  region size 1024K, 158 young (161792K), 3 survivors (3072K)
 Metaspace       used 98221K, committed 98944K, reserved 1179648K
  class space    used 13670K, committed 14016K, reserved 1048576K
}
Event: 8.088 GC heap after
{Heap after GC invocations=36 (full 0):
 garbage-first heap   total 326656K, used 104136K [0x0000000080000000, 0x0000000100000000)
  region size 1024K, 20 young (20480K), 20 survivors (20480K)
 Metaspace       used 98221K, committed 98944K, reserved 1179648K
  class space    used 13670K, committed 14016K, reserved 1048576K
}
Event: 9.207 GC heap before
{Heap before GC invocations=36 (full 0):
 garbage-first heap   total 326656K, used 237256K [0x0000000080000000, 0x0000000100000000)
  region size 1024K, 151 young (154624K), 20 survivors (20480K)
 Metaspace       used 99443K, committed 100160K, reserved 1179648K
  class space    used 13767K, committed 14080K, reserved 1048576K
}
Event: 9.220 GC heap after
{Heap after GC invocations=37 (full 0):
 garbage-first heap   total 326656K, used 115680K [0x0000000080000000, 0x0000000100000000)
  region size 1024K, 12 young (12288K), 12 survivors (12288K)
 Metaspace       used 99443K, committed 100160K, reserved 1179648K
  class space    used 13767K, committed 14080K, reserved 1048576K
}
Event: 15.082 GC heap before
{Heap before GC invocations=37 (full 0):
 garbage-first heap   total 326656K, used 246752K [0x0000000080000000, 0x0000000100000000)
  region size 1024K, 141 young (144384K), 12 survivors (12288K)
 Metaspace       used 104205K, committed 104960K, reserved 1179648K
  class space    used 14414K, committed 14784K, reserved 1048576K
}
Event: 15.088 GC heap after
{Heap after GC invocations=38 (full 0):
 garbage-first heap   total 326656K, used 124192K [0x0000000080000000, 0x0000000100000000)
  region size 1024K, 10 young (10240K), 10 survivors (10240K)
 Metaspace       used 104205K, committed 104960K, reserved 1179648K
  class space    used 14414K, committed 14784K, reserved 1048576K
}

