# JRE version: OpenJDK Runtime Environment (17.0.7) (build 17.0.7+0-b2043.56-10550314)
# Java VM: OpenJDK 64-Bit Server VM (17.0.7+0-b2043.56-10550314, mixed mode, tiered, compressed oops, compressed class ptrs, g1 gc, windows-amd64)
GC Precious Log:
 CPUs: 8 total, 8 available
 Memory: 16304M
 Large Page Support: Disabled
 NUMA Support: Disabled
 Compressed Oops: Enabled (32-bit)
 Heap Region Size: 1M
 Heap Min Capacity: 8M
 Heap Initial Capacity: 256M
 Heap Max Capacity: 2G
 Pre-touch: Disabled
 Parallel Workers: 8
 Concurrent Workers: 2
 Concurrent Refinement Workers: 8
 Periodic GC: Disabled
Heap:
 garbage-first heap   total 374784K, used 294399K [0x0000000080000000, 0x0000000100000000)
  region size 1024K, 5 young (5120K), 5 survivors (5120K)
 Metaspace       used 110355K, committed 111104K, reserved 1179648K
  class space    used 15405K, committed 15808K, reserved 1048576K
GC Heap History (20 events):
Event: 6.598 GC heap after
{Heap after GC invocations=43 (full 0):
 garbage-first heap   total 158720K, used 92741K [0x0000000080000000, 0x0000000100000000)
  region size 1024K, 6 young (6144K), 6 survivors (6144K)
 Metaspace       used 97141K, committed 97856K, reserved 1179648K
  class space    used 13471K, committed 13824K, reserved 1048576K
}
Event: 6.834 GC heap before
{Heap before GC invocations=43 (full 0):
 garbage-first heap   total 158720K, used 129605K [0x0000000080000000, 0x0000000100000000)
  region size 1024K, 43 young (44032K), 6 survivors (6144K)
 Metaspace       used 98605K, committed 99328K, reserved 1179648K
  class space    used 13729K, committed 14080K, reserved 1048576K
}
Event: 6.838 GC heap after
{Heap after GC invocations=44 (full 0):
 garbage-first heap   total 158720K, used 98953K [0x0000000080000000, 0x0000000100000000)
  region size 1024K, 6 young (6144K), 6 survivors (6144K)
 Metaspace       used 98605K, committed 99328K, reserved 1179648K
  class space    used 13729K, committed 14080K, reserved 1048576K
}
Event: 7.009 GC heap before
{Heap before GC invocations=45 (full 0):
 garbage-first heap   total 178176K, used 130697K [0x0000000080000000, 0x0000000100000000)
  region size 1024K, 38 young (38912K), 6 survivors (6144K)
 Metaspace       used 99291K, committed 100032K, reserved 1179648K
  class space    used 13861K, committed 14208K, reserved 1048576K
}
Event: 7.015 GC heap after
{Heap after GC invocations=46 (full 0):
 garbage-first heap   total 178176K, used 103869K [0x0000000080000000, 0x0000000100000000)
  region size 1024K, 5 young (5120K), 5 survivors (5120K)
 Metaspace       used 99291K, committed 100032K, reserved 1179648K
  class space    used 13861K, committed 14208K, reserved 1048576K
}
Event: 7.147 GC heap before
{Heap before GC invocations=46 (full 0):
 garbage-first heap   total 178176K, used 143805K [0x0000000080000000, 0x0000000100000000)
  region size 1024K, 45 young (46080K), 5 survivors (5120K)
 Metaspace       used 99504K, committed 100160K, reserved 1179648K
  class space    used 13868K, committed 14208K, reserved 1048576K
}
Event: 7.152 GC heap after
{Heap after GC invocations=47 (full 0):
 garbage-first heap   total 356352K, used 107156K [0x0000000080000000, 0x0000000100000000)
  region size 1024K, 5 young (5120K), 5 survivors (5120K)
 Metaspace       used 99504K, committed 100160K, reserved 1179648K
  class space    used 13868K, committed 14208K, reserved 1048576K
}
Event: 7.912 GC heap before
{Heap before GC invocations=48 (full 0):
 garbage-first heap   total 356352K, used 276116K [0x0000000080000000, 0x0000000100000000)
  region size 1024K, 165 young (168960K), 5 survivors (5120K)
 Metaspace       used 102498K, committed 103232K, reserved 1179648K
  class space    used 14139K, committed 14528K, reserved 1048576K
}
Event: 7.920 GC heap after
{Heap after GC invocations=49 (full 0):
 garbage-first heap   total 356352K, used 118604K [0x0000000080000000, 0x0000000100000000)
  region size 1024K, 16 young (16384K), 16 survivors (16384K)
 Metaspace       used 102498K, committed 103232K, reserved 1179648K
  class space    used 14139K, committed 14528K, reserved 1048576K
}
Event: 7.927 GC heap before
{Heap before GC invocations=49 (full 0):
 garbage-first heap   total 356352K, used 119628K [0x0000000080000000, 0x0000000100000000)
  region size 1024K, 17 young (17408K), 16 survivors (16384K)
 Metaspace       used 102500K, committed 103232K, reserved 1179648K
  class space    used 14139K, committed 14528K, reserved 1048576K
}
Event: 7.933 GC heap after
{Heap after GC invocations=50 (full 0):
 garbage-first heap   total 356352K, used 119493K [0x0000000080000000, 0x0000000100000000)
  region size 1024K, 2 young (2048K), 2 survivors (2048K)
 Metaspace       used 102500K, committed 103232K, reserved 1179648K
  class space    used 14139K, committed 14528K, reserved 1048576K
}
Event: 8.588 GC heap before
{Heap before GC invocations=50 (full 0):
 garbage-first heap   total 356352K, used 326341K [0x0000000080000000, 0x0000000100000000)
  region size 1024K, 147 young (150528K), 2 survivors (2048K)
 Metaspace       used 106534K, committed 107264K, reserved 1179648K
  class space    used 14713K, committed 15040K, reserved 1048576K
}
Event: 8.604 GC heap after
{Heap after GC invocations=51 (full 0):
 garbage-first heap   total 374784K, used 198227K [0x0000000080000000, 0x0000000100000000)
  region size 1024K, 19 young (19456K), 19 survivors (19456K)
 Metaspace       used 106534K, committed 107264K, reserved 1179648K
  class space    used 14713K, committed 15040K, reserved 1048576K
}
Event: 8.825 GC heap before
{Heap before GC invocations=51 (full 0):
 garbage-first heap   total 374784K, used 287315K [0x0000000080000000, 0x0000000100000000)
  region size 1024K, 103 young (105472K), 19 survivors (19456K)
 Metaspace       used 109970K, committed 110720K, reserved 1179648K
  class space    used 15376K, committed 15744K, reserved 1048576K
}
Event: 8.844 GC heap after
{Heap after GC invocations=52 (full 0):
 garbage-first heap   total 374784K, used 225231K [0x0000000080000000, 0x0000000100000000)
  region size 1024K, 13 young (13312K), 13 survivors (13312K)
 Metaspace       used 109970K, committed 110720K, reserved 1179648K
  class space    used 15376K, committed 15744K, reserved 1048576K
}
Event: 8.968 GC heap before
{Heap before GC invocations=52 (full 0):
 garbage-first heap   total 374784K, used 292815K [0x0000000080000000, 0x0000000100000000)
  region size 1024K, 80 young (81920K), 13 survivors (13312K)
 Metaspace       used 110256K, committed 111040K, reserved 1179648K
  class space    used 15387K, committed 15808K, reserved 1048576K
}
Event: 8.989 GC heap after
{Heap after GC invocations=53 (full 0):
 garbage-first heap   total 374784K, used 255999K [0x0000000080000000, 0x0000000100000000)
  region size 1024K, 10 young (10240K), 10 survivors (10240K)
 Metaspace       used 110256K, committed 111040K, reserved 1179648K
  class space    used 15387K, committed 15808K, reserved 1048576K
}
Event: 9.065 GC heap before
{Heap before GC invocations=53 (full 0):
 garbage-first heap   total 374784K, used 299007K [0x0000000080000000, 0x0000000100000000)
  region size 1024K, 53 young (54272K), 10 survivors (10240K)
 Metaspace       used 110336K, committed 111104K, reserved 1179648K
  class space    used 15403K, committed 15808K, reserved 1048576K
}
Event: 9.079 GC heap after
{Heap after GC invocations=54 (full 0):
 garbage-first heap   total 374784K, used 278527K [0x0000000080000000, 0x0000000100000000)
  region size 1024K, 7 young (7168K), 7 survivors (7168K)
 Metaspace       used 110336K, committed 111104K, reserved 1179648K
  class space    used 15403K, committed 15808K, reserved 1048576K
}
Event: 9.133 GC heap before
{Heap before GC invocations=54 (full 0):
 garbage-first heap   total 374784K, used 307199K [0x0000000080000000, 0x0000000100000000)
  region size 1024K, 35 young (35840K), 7 survivors (7168K)
 Metaspace       used 110355K, committed 111104K, reserved 1179648K
  class space    used 15405K, committed 15808K, reserved 1048576K
}

