# JRE version: OpenJDK Runtime Environment (17.0.7) (build 17.0.7+0-b2043.56-10550314)
# Java VM: OpenJDK 64-Bit Server VM (17.0.7+0-b2043.56-10550314, mixed mode, tiered, compressed oops, compressed class ptrs, g1 gc, windows-amd64)
GC Precious Log:
 CPUs: 8 total, 8 available
 Memory: 16304M
 Large Page Support: Disabled
 NUMA Support: Disabled
 Compressed Oops: Enabled (32-bit)
 Heap Region Size: 1M
 Heap Min Capacity: 8M
 Heap Initial Capacity: 256M
 Heap Max Capacity: 2G
 Pre-touch: Disabled
 Parallel Workers: 8
 Concurrent Workers: 2
 Concurrent Refinement Workers: 8
 Periodic GC: Disabled
Heap:
 garbage-first heap   total 248832K, used 183103K [0x0000000080000000, 0x0000000100000000)
  region size 1024K, 23 young (23552K), 3 survivors (3072K)
 Metaspace       used 129189K, committed 130112K, reserved 1179648K
  class space    used 17782K, committed 18240K, reserved 1048576K
GC Heap History (20 events):
Event: 1516.396 GC heap before
{Heap before GC invocations=48 (full 0):
 garbage-first heap   total 181248K, used 154204K [0x0000000080000000, 0x0000000100000000)
  region size 1024K, 35 young (35840K), 3 survivors (3072K)
 Metaspace       used 122798K, committed 123648K, reserved 1179648K
  class space    used 17116K, committed 17536K, reserved 1048576K
}
Event: 1516.399 GC heap after
{Heap after GC invocations=49 (full 0):
 garbage-first heap   total 181248K, used 126117K [0x0000000080000000, 0x0000000100000000)
  region size 1024K, 5 young (5120K), 5 survivors (5120K)
 Metaspace       used 122798K, committed 123648K, reserved 1179648K
  class space    used 17116K, committed 17536K, reserved 1048576K
}
Event: 1516.977 GC heap before
{Heap before GC invocations=49 (full 0):
 garbage-first heap   total 181248K, used 154789K [0x0000000080000000, 0x0000000100000000)
  region size 1024K, 32 young (32768K), 5 survivors (5120K)
 Metaspace       used 124393K, committed 125248K, reserved 1179648K
  class space    used 17323K, committed 17728K, reserved 1048576K
}
Event: 1516.983 GC heap after
{Heap after GC invocations=50 (full 0):
 garbage-first heap   total 181248K, used 135639K [0x0000000080000000, 0x0000000100000000)
  region size 1024K, 4 young (4096K), 4 survivors (4096K)
 Metaspace       used 124393K, committed 125248K, reserved 1179648K
  class space    used 17323K, committed 17728K, reserved 1048576K
}
Event: 1517.110 GC heap before
{Heap before GC invocations=50 (full 0):
 garbage-first heap   total 181248K, used 150999K [0x0000000080000000, 0x0000000100000000)
  region size 1024K, 20 young (20480K), 4 survivors (4096K)
 Metaspace       used 125304K, committed 126208K, reserved 1179648K
  class space    used 17429K, committed 17856K, reserved 1048576K
}
Event: 1517.115 GC heap after
{Heap after GC invocations=51 (full 0):
 garbage-first heap   total 181248K, used 143360K [0x0000000080000000, 0x0000000100000000)
  region size 1024K, 3 young (3072K), 3 survivors (3072K)
 Metaspace       used 125304K, committed 126208K, reserved 1179648K
  class space    used 17429K, committed 17856K, reserved 1048576K
}
Event: 1517.172 GC heap before
{Heap before GC invocations=51 (full 0):
 garbage-first heap   total 181248K, used 150528K [0x0000000080000000, 0x0000000100000000)
  region size 1024K, 10 young (10240K), 3 survivors (3072K)
 Metaspace       used 125604K, committed 126528K, reserved 1179648K
  class space    used 17460K, committed 17920K, reserved 1048576K
}
Event: 1517.175 GC heap after
{Heap after GC invocations=52 (full 0):
 garbage-first heap   total 181248K, used 145489K [0x0000000080000000, 0x0000000100000000)
  region size 1024K, 2 young (2048K), 2 survivors (2048K)
 Metaspace       used 125604K, committed 126528K, reserved 1179648K
  class space    used 17460K, committed 17920K, reserved 1048576K
}
Event: 1517.203 GC heap before
{Heap before GC invocations=52 (full 0):
 garbage-first heap   total 181248K, used 150609K [0x0000000080000000, 0x0000000100000000)
  region size 1024K, 8 young (8192K), 2 survivors (2048K)
 Metaspace       used 125727K, committed 126720K, reserved 1179648K
  class space    used 17471K, committed 17984K, reserved 1048576K
}
Event: 1517.204 GC heap after
{Heap after GC invocations=53 (full 0):
 garbage-first heap   total 181248K, used 146596K [0x0000000080000000, 0x0000000100000000)
  region size 1024K, 1 young (1024K), 1 survivors (1024K)
 Metaspace       used 125727K, committed 126720K, reserved 1179648K
  class space    used 17471K, committed 17984K, reserved 1048576K
}
Event: 1517.341 GC heap before
{Heap before GC invocations=53 (full 0):
 garbage-first heap   total 181248K, used 153764K [0x0000000080000000, 0x0000000100000000)
  region size 1024K, 8 young (8192K), 1 survivors (1024K)
 Metaspace       used 125860K, committed 126848K, reserved 1179648K
  class space    used 17478K, committed 17984K, reserved 1048576K
}
Event: 1517.343 GC heap after
{Heap after GC invocations=54 (full 0):
 garbage-first heap   total 181248K, used 148794K [0x0000000080000000, 0x0000000100000000)
  region size 1024K, 1 young (1024K), 1 survivors (1024K)
 Metaspace       used 125860K, committed 126848K, reserved 1179648K
  class space    used 17478K, committed 17984K, reserved 1048576K
}
Event: 1517.387 GC heap before
{Heap before GC invocations=54 (full 0):
 garbage-first heap   total 181248K, used 156986K [0x0000000080000000, 0x0000000100000000)
  region size 1024K, 6 young (6144K), 1 survivors (1024K)
 Metaspace       used 125894K, committed 126912K, reserved 1179648K
  class space    used 17478K, committed 17984K, reserved 1048576K
}
Event: 1517.389 GC heap after
{Heap after GC invocations=55 (full 0):
 garbage-first heap   total 181248K, used 152576K [0x0000000080000000, 0x0000000100000000)
  region size 1024K, 1 young (1024K), 1 survivors (1024K)
 Metaspace       used 125894K, committed 126912K, reserved 1179648K
  class space    used 17478K, committed 17984K, reserved 1048576K
}
Event: 1517.398 GC heap before
{Heap before GC invocations=55 (full 0):
 garbage-first heap   total 181248K, used 154624K [0x0000000080000000, 0x0000000100000000)
  region size 1024K, 2 young (2048K), 1 survivors (1024K)
 Metaspace       used 125950K, committed 126912K, reserved 1179648K
  class space    used 17485K, committed 17984K, reserved 1048576K
}
Event: 1517.400 GC heap after
{Heap after GC invocations=56 (full 0):
 garbage-first heap   total 248832K, used 152808K [0x0000000080000000, 0x0000000100000000)
  region size 1024K, 1 young (1024K), 1 survivors (1024K)
 Metaspace       used 125950K, committed 126912K, reserved 1179648K
  class space    used 17485K, committed 17984K, reserved 1048576K
}
Event: 1517.581 GC heap before
{Heap before GC invocations=56 (full 0):
 garbage-first heap   total 248832K, used 187624K [0x0000000080000000, 0x0000000100000000)
  region size 1024K, 33 young (33792K), 1 survivors (1024K)
 Metaspace       used 126071K, committed 127040K, reserved 1179648K
  class space    used 17495K, committed 17984K, reserved 1048576K
}
Event: 1517.585 GC heap after
{Heap after GC invocations=57 (full 0):
 garbage-first heap   total 248832K, used 160620K [0x0000000080000000, 0x0000000100000000)
  region size 1024K, 5 young (5120K), 5 survivors (5120K)
 Metaspace       used 126071K, committed 127040K, reserved 1179648K
  class space    used 17495K, committed 17984K, reserved 1048576K
}
Event: 1517.761 GC heap before
{Heap before GC invocations=57 (full 0):
 garbage-first heap   total 248832K, used 207724K [0x0000000080000000, 0x0000000100000000)
  region size 1024K, 35 young (35840K), 5 survivors (5120K)
 Metaspace       used 128170K, committed 129152K, reserved 1179648K
  class space    used 17672K, committed 18176K, reserved 1048576K
}
Event: 1517.765 GC heap after
{Heap after GC invocations=58 (full 0):
 garbage-first heap   total 248832K, used 163647K [0x0000000080000000, 0x0000000100000000)
  region size 1024K, 3 young (3072K), 3 survivors (3072K)
 Metaspace       used 128170K, committed 129152K, reserved 1179648K
  class space    used 17672K, committed 18176K, reserved 1048576K
}

